[30-May-2018 19:03:55 UTC] register_link_post_type
[30-May-2018 19:03:57 UTC] register_link_post_type
[30-May-2018 19:03:58 UTC] register_link_post_type
[30-May-2018 19:04:02 UTC] register_link_post_type
[30-May-2018 19:04:03 UTC] register_link_post_type
[30-May-2018 19:04:03 UTC] register_link_post_type
[30-May-2018 19:04:03 UTC] register_link_post_type
[30-May-2018 19:04:04 UTC] register_link_post_type
[30-May-2018 19:04:07 UTC] register_link_post_type
[30-May-2018 19:04:08 UTC] register_link_post_type
[30-May-2018 19:04:08 UTC] register_link_post_type
[30-May-2018 19:04:08 UTC] register_link_post_type
[30-May-2018 19:04:10 UTC] register_link_post_type
[30-May-2018 19:04:12 UTC] register_link_post_type
[30-May-2018 19:04:20 UTC] register_link_post_type
[30-May-2018 19:04:20 UTC] register_link_post_type
[30-May-2018 19:04:20 UTC] register_link_post_type
[30-May-2018 19:04:25 UTC] register_link_post_type
[30-May-2018 19:04:35 UTC] register_link_post_type
[30-May-2018 19:04:40 UTC] register_link_post_type
[30-May-2018 19:04:55 UTC] register_link_post_type
[30-May-2018 19:04:57 UTC] register_link_post_type
[30-May-2018 19:05:04 UTC] register_link_post_type
[30-May-2018 19:05:10 UTC] register_link_post_type
[30-May-2018 19:05:19 UTC] register_link_post_type
[30-May-2018 19:05:25 UTC] register_link_post_type
[30-May-2018 19:05:33 UTC] register_link_post_type
[30-May-2018 19:05:33 UTC] save_link_url
[30-May-2018 19:05:33 UTC] add_link_custom_fields
[30-May-2018 19:05:33 UTC] add_link_custom_fields
[30-May-2018 19:05:33 UTC] links_url_custom_field_display
[30-May-2018 19:05:33 UTC] register_link_post_type
[30-May-2018 19:05:40 UTC] register_link_post_type
[30-May-2018 19:05:55 UTC] register_link_post_type
[30-May-2018 19:05:57 UTC] register_link_post_type
[30-May-2018 19:06:10 UTC] register_link_post_type
[30-May-2018 19:06:25 UTC] register_link_post_type
[30-May-2018 19:06:34 UTC] register_link_post_type
[30-May-2018 19:06:40 UTC] register_link_post_type
[30-May-2018 19:06:55 UTC] register_link_post_type
[30-May-2018 19:06:57 UTC] register_link_post_type
[30-May-2018 19:07:10 UTC] register_link_post_type
[30-May-2018 19:07:25 UTC] register_link_post_type
[30-May-2018 19:07:40 UTC] register_link_post_type
[30-May-2018 19:07:55 UTC] register_link_post_type
[30-May-2018 19:07:57 UTC] register_link_post_type
[30-May-2018 19:08:10 UTC] register_link_post_type
[30-May-2018 19:08:25 UTC] register_link_post_type
[30-May-2018 19:08:30 UTC] register_link_post_type
[30-May-2018 19:08:31 UTC] register_link_post_type
[30-May-2018 19:08:32 UTC] register_link_post_type
[30-May-2018 19:08:32 UTC] register_link_post_type
[30-May-2018 19:08:40 UTC] register_link_post_type
[30-May-2018 19:08:40 UTC] register_link_post_type
[30-May-2018 19:08:40 UTC] register_link_post_type
[30-May-2018 19:08:41 UTC] register_link_post_type
[30-May-2018 19:08:45 UTC] register_link_post_type
[30-May-2018 19:08:45 UTC] register_link_post_type
[30-May-2018 19:08:46 UTC] register_link_post_type
[30-May-2018 19:08:46 UTC] register_link_post_type
[30-May-2018 19:08:47 UTC] register_link_post_type
[30-May-2018 19:08:47 UTC] register_link_post_type
[30-May-2018 19:08:48 UTC] register_link_post_type
[30-May-2018 19:08:48 UTC] save_link_url
[30-May-2018 19:08:48 UTC] add_link_custom_fields
[30-May-2018 19:08:48 UTC] add_link_custom_fields
[30-May-2018 19:08:48 UTC] links_url_custom_field_display
[30-May-2018 19:08:49 UTC] register_link_post_type
[30-May-2018 19:08:56 UTC] register_link_post_type
[30-May-2018 19:09:11 UTC] register_link_post_type
[30-May-2018 19:09:26 UTC] register_link_post_type
[30-May-2018 19:09:41 UTC] register_link_post_type
[30-May-2018 19:09:42 UTC] register_link_post_type
[30-May-2018 19:09:49 UTC] register_link_post_type
[30-May-2018 19:09:57 UTC] register_link_post_type
[30-May-2018 19:10:12 UTC] register_link_post_type
[30-May-2018 19:10:27 UTC] register_link_post_type
[30-May-2018 19:10:42 UTC] register_link_post_type
[30-May-2018 19:10:57 UTC] register_link_post_type
[30-May-2018 19:11:12 UTC] register_link_post_type
[30-May-2018 19:11:27 UTC] register_link_post_type
[30-May-2018 19:11:41 UTC] register_link_post_type
[30-May-2018 19:11:42 UTC] register_link_post_type
[30-May-2018 19:11:49 UTC] register_link_post_type
[30-May-2018 19:11:57 UTC] register_link_post_type
[30-May-2018 19:12:12 UTC] register_link_post_type
[30-May-2018 19:12:27 UTC] register_link_post_type
[30-May-2018 19:12:42 UTC] register_link_post_type
[30-May-2018 19:12:57 UTC] register_link_post_type
[30-May-2018 19:13:12 UTC] register_link_post_type
[30-May-2018 19:13:23 UTC] register_link_post_type
[30-May-2018 19:13:27 UTC] register_link_post_type
[30-May-2018 19:13:41 UTC] register_link_post_type
[30-May-2018 19:13:42 UTC] register_link_post_type
[30-May-2018 19:13:57 UTC] register_link_post_type
[30-May-2018 19:14:12 UTC] register_link_post_type
[30-May-2018 19:14:23 UTC] register_link_post_type
[30-May-2018 19:14:27 UTC] register_link_post_type
[30-May-2018 19:14:41 UTC] register_link_post_type
[30-May-2018 19:14:42 UTC] register_link_post_type
[30-May-2018 19:14:57 UTC] register_link_post_type
[30-May-2018 19:15:12 UTC] register_link_post_type
[30-May-2018 19:15:27 UTC] register_link_post_type
[30-May-2018 19:15:41 UTC] register_link_post_type
[30-May-2018 19:15:42 UTC] register_link_post_type
[30-May-2018 19:15:57 UTC] register_link_post_type
[30-May-2018 19:16:12 UTC] register_link_post_type
[30-May-2018 19:16:23 UTC] register_link_post_type
[30-May-2018 19:16:27 UTC] register_link_post_type
[30-May-2018 19:16:42 UTC] register_link_post_type
[30-May-2018 19:16:57 UTC] register_link_post_type
[30-May-2018 19:17:12 UTC] register_link_post_type
[30-May-2018 19:17:27 UTC] register_link_post_type
[30-May-2018 19:17:41 UTC] register_link_post_type
[30-May-2018 19:17:42 UTC] register_link_post_type
[30-May-2018 19:17:57 UTC] register_link_post_type
[30-May-2018 19:18:12 UTC] register_link_post_type
[30-May-2018 19:18:23 UTC] register_link_post_type
[30-May-2018 19:18:27 UTC] register_link_post_type
[30-May-2018 19:18:42 UTC] register_link_post_type
[30-May-2018 19:18:57 UTC] register_link_post_type
[30-May-2018 19:19:12 UTC] register_link_post_type
[30-May-2018 19:19:27 UTC] register_link_post_type
[30-May-2018 19:19:41 UTC] register_link_post_type
[30-May-2018 19:19:42 UTC] register_link_post_type
[30-May-2018 19:19:57 UTC] register_link_post_type
[30-May-2018 19:20:12 UTC] register_link_post_type
[30-May-2018 19:20:23 UTC] register_link_post_type
[30-May-2018 19:20:27 UTC] register_link_post_type
[30-May-2018 19:20:42 UTC] register_link_post_type
[30-May-2018 19:20:57 UTC] register_link_post_type
[30-May-2018 19:21:12 UTC] register_link_post_type
[30-May-2018 19:21:27 UTC] register_link_post_type
[30-May-2018 19:21:41 UTC] register_link_post_type
[30-May-2018 19:21:42 UTC] register_link_post_type
[30-May-2018 19:21:57 UTC] register_link_post_type
[30-May-2018 19:22:12 UTC] register_link_post_type
[30-May-2018 19:22:23 UTC] register_link_post_type
[30-May-2018 19:22:27 UTC] register_link_post_type
[30-May-2018 19:22:42 UTC] register_link_post_type
[30-May-2018 19:22:57 UTC] register_link_post_type
[30-May-2018 19:23:12 UTC] register_link_post_type
[30-May-2018 19:23:27 UTC] register_link_post_type
[30-May-2018 19:23:41 UTC] register_link_post_type
[30-May-2018 19:23:42 UTC] register_link_post_type
[30-May-2018 19:23:57 UTC] register_link_post_type
[30-May-2018 19:24:12 UTC] register_link_post_type
[30-May-2018 19:24:27 UTC] register_link_post_type
[30-May-2018 19:24:42 UTC] register_link_post_type
[30-May-2018 19:24:43 UTC] register_link_post_type
[30-May-2018 19:24:58 UTC] register_link_post_type
[30-May-2018 19:25:13 UTC] register_link_post_type
[30-May-2018 19:25:28 UTC] register_link_post_type
[30-May-2018 19:25:42 UTC] register_link_post_type
[30-May-2018 19:25:43 UTC] register_link_post_type
[30-May-2018 19:25:58 UTC] register_link_post_type
[30-May-2018 19:26:13 UTC] register_link_post_type
[30-May-2018 19:26:28 UTC] register_link_post_type
[30-May-2018 19:26:42 UTC] register_link_post_type
[30-May-2018 19:26:43 UTC] register_link_post_type
[30-May-2018 19:26:58 UTC] register_link_post_type
[30-May-2018 19:27:13 UTC] register_link_post_type
[30-May-2018 19:27:28 UTC] register_link_post_type
[30-May-2018 19:27:42 UTC] register_link_post_type
[30-May-2018 19:27:43 UTC] register_link_post_type
[30-May-2018 19:27:58 UTC] register_link_post_type
[30-May-2018 19:28:13 UTC] register_link_post_type
[30-May-2018 19:28:28 UTC] register_link_post_type
[30-May-2018 19:28:43 UTC] register_link_post_type
[30-May-2018 19:28:58 UTC] register_link_post_type
[30-May-2018 19:29:13 UTC] register_link_post_type
[30-May-2018 19:29:21 UTC] register_link_post_type
[30-May-2018 19:29:28 UTC] register_link_post_type
[30-May-2018 19:29:43 UTC] register_link_post_type
[30-May-2018 19:29:58 UTC] register_link_post_type
[30-May-2018 19:30:13 UTC] register_link_post_type
[30-May-2018 19:30:21 UTC] register_link_post_type
[30-May-2018 19:30:28 UTC] register_link_post_type
[30-May-2018 19:30:43 UTC] register_link_post_type
[30-May-2018 19:30:58 UTC] register_link_post_type
[30-May-2018 19:31:13 UTC] register_link_post_type
[30-May-2018 19:31:21 UTC] register_link_post_type
[30-May-2018 19:31:28 UTC] register_link_post_type
[30-May-2018 19:31:43 UTC] register_link_post_type
[30-May-2018 19:31:58 UTC] register_link_post_type
[30-May-2018 19:32:13 UTC] register_link_post_type
[30-May-2018 19:32:28 UTC] register_link_post_type
[30-May-2018 19:32:43 UTC] register_link_post_type
[30-May-2018 19:32:58 UTC] register_link_post_type
[30-May-2018 19:33:13 UTC] register_link_post_type
[30-May-2018 19:33:21 UTC] register_link_post_type
[30-May-2018 19:33:28 UTC] register_link_post_type
[30-May-2018 19:33:43 UTC] register_link_post_type
[30-May-2018 19:33:58 UTC] register_link_post_type
[30-May-2018 19:34:13 UTC] register_link_post_type
[30-May-2018 19:34:21 UTC] register_link_post_type
[30-May-2018 19:34:28 UTC] register_link_post_type
[30-May-2018 19:34:43 UTC] register_link_post_type
[30-May-2018 19:34:58 UTC] register_link_post_type
[30-May-2018 19:35:13 UTC] register_link_post_type
[30-May-2018 19:35:21 UTC] register_link_post_type
[30-May-2018 19:35:28 UTC] register_link_post_type
[30-May-2018 19:35:43 UTC] register_link_post_type
[30-May-2018 19:35:58 UTC] register_link_post_type
[30-May-2018 19:36:13 UTC] register_link_post_type
[30-May-2018 19:36:21 UTC] register_link_post_type
[30-May-2018 19:36:28 UTC] register_link_post_type
[30-May-2018 19:36:43 UTC] register_link_post_type
[30-May-2018 19:36:58 UTC] register_link_post_type
[30-May-2018 19:37:13 UTC] register_link_post_type
[30-May-2018 19:37:21 UTC] register_link_post_type
[30-May-2018 19:37:28 UTC] register_link_post_type
[30-May-2018 19:37:43 UTC] register_link_post_type
[30-May-2018 19:37:58 UTC] register_link_post_type
[30-May-2018 19:38:13 UTC] register_link_post_type
[30-May-2018 19:38:28 UTC] register_link_post_type
[30-May-2018 19:38:43 UTC] register_link_post_type
[30-May-2018 19:38:58 UTC] register_link_post_type
[30-May-2018 19:39:13 UTC] register_link_post_type
[30-May-2018 19:39:21 UTC] register_link_post_type
[30-May-2018 19:39:28 UTC] register_link_post_type
[30-May-2018 19:39:43 UTC] register_link_post_type
[30-May-2018 19:39:58 UTC] register_link_post_type
[30-May-2018 19:40:13 UTC] register_link_post_type
[30-May-2018 19:40:28 UTC] register_link_post_type
[30-May-2018 19:40:43 UTC] register_link_post_type
[30-May-2018 19:40:58 UTC] register_link_post_type
[30-May-2018 19:41:13 UTC] register_link_post_type
[30-May-2018 19:41:21 UTC] register_link_post_type
[30-May-2018 19:41:28 UTC] register_link_post_type
[30-May-2018 19:41:43 UTC] register_link_post_type
[30-May-2018 19:41:58 UTC] register_link_post_type
[30-May-2018 19:42:13 UTC] register_link_post_type
[30-May-2018 19:42:28 UTC] register_link_post_type
[30-May-2018 19:42:43 UTC] register_link_post_type
[30-May-2018 19:42:43 UTC] register_link_post_type
[30-May-2018 19:42:58 UTC] register_link_post_type
[30-May-2018 19:43:13 UTC] register_link_post_type
[30-May-2018 19:43:28 UTC] register_link_post_type
[30-May-2018 19:43:43 UTC] register_link_post_type
[30-May-2018 19:43:43 UTC] register_link_post_type
[30-May-2018 19:43:58 UTC] register_link_post_type
[30-May-2018 19:44:13 UTC] register_link_post_type
[30-May-2018 19:44:28 UTC] register_link_post_type
[30-May-2018 19:44:44 UTC] register_link_post_type
[30-May-2018 19:44:44 UTC] register_link_post_type
[30-May-2018 19:44:58 UTC] register_link_post_type
[30-May-2018 19:45:13 UTC] register_link_post_type
[30-May-2018 19:45:28 UTC] register_link_post_type
[30-May-2018 19:45:43 UTC] register_link_post_type
[30-May-2018 19:45:44 UTC] register_link_post_type
[30-May-2018 19:45:58 UTC] register_link_post_type
[30-May-2018 19:46:13 UTC] register_link_post_type
[30-May-2018 19:46:28 UTC] register_link_post_type
[30-May-2018 19:46:43 UTC] register_link_post_type
[30-May-2018 19:46:58 UTC] register_link_post_type
[30-May-2018 19:47:13 UTC] register_link_post_type
[30-May-2018 19:47:28 UTC] register_link_post_type
[30-May-2018 19:47:43 UTC] register_link_post_type
[30-May-2018 19:47:44 UTC] register_link_post_type
[30-May-2018 19:47:58 UTC] register_link_post_type
[30-May-2018 19:48:13 UTC] register_link_post_type
[30-May-2018 19:48:28 UTC] register_link_post_type
[30-May-2018 19:48:43 UTC] register_link_post_type
[30-May-2018 19:48:58 UTC] register_link_post_type
[30-May-2018 19:49:13 UTC] register_link_post_type
[30-May-2018 19:49:28 UTC] register_link_post_type
[30-May-2018 19:49:43 UTC] register_link_post_type
[30-May-2018 19:49:44 UTC] register_link_post_type
[30-May-2018 19:49:58 UTC] register_link_post_type
[30-May-2018 19:50:13 UTC] register_link_post_type
[30-May-2018 19:50:28 UTC] register_link_post_type
[30-May-2018 19:50:43 UTC] register_link_post_type
[30-May-2018 19:50:58 UTC] register_link_post_type
[30-May-2018 19:51:13 UTC] register_link_post_type
[30-May-2018 19:51:28 UTC] register_link_post_type
[30-May-2018 19:51:43 UTC] register_link_post_type
[30-May-2018 19:51:44 UTC] register_link_post_type
[30-May-2018 19:51:58 UTC] register_link_post_type
[30-May-2018 19:52:13 UTC] register_link_post_type
[30-May-2018 19:52:28 UTC] register_link_post_type
[30-May-2018 19:52:43 UTC] register_link_post_type
[30-May-2018 19:52:58 UTC] register_link_post_type
[30-May-2018 19:52:59 UTC] register_link_post_type
[30-May-2018 19:53:02 UTC] register_link_post_type
[30-May-2018 19:53:13 UTC] register_link_post_type
[30-May-2018 19:53:25 UTC] register_link_post_type
[30-May-2018 19:53:25 UTC] register_link_post_type
[30-May-2018 19:53:25 UTC] register_link_post_type
[30-May-2018 19:53:28 UTC] register_link_post_type
[30-May-2018 19:53:43 UTC] register_link_post_type
[30-May-2018 19:53:58 UTC] register_link_post_type
[30-May-2018 19:53:59 UTC] register_link_post_type
[30-May-2018 19:54:02 UTC] register_link_post_type
[30-May-2018 19:54:13 UTC] register_link_post_type
[30-May-2018 19:54:29 UTC] register_link_post_type
[30-May-2018 19:54:43 UTC] register_link_post_type
[30-May-2018 19:54:55 UTC] register_link_post_type
[30-May-2018 19:54:56 UTC] register_link_post_type
[30-May-2018 19:54:57 UTC] register_link_post_type
[30-May-2018 19:54:58 UTC] register_link_post_type
[30-May-2018 19:55:04 UTC] register_link_post_type
[30-May-2018 19:55:04 UTC] register_link_post_type
[30-May-2018 19:55:04 UTC] register_link_post_type
[30-May-2018 19:55:08 UTC] register_link_post_type
[30-May-2018 19:55:08 UTC] register_link_post_type
[30-May-2018 19:55:08 UTC] register_link_post_type
[30-May-2018 19:55:16 UTC] register_link_post_type
[30-May-2018 19:55:21 UTC] register_link_post_type
[30-May-2018 19:55:22 UTC] register_link_post_type
[30-May-2018 19:55:22 UTC] register_link_post_type
[30-May-2018 19:55:22 UTC] register_link_post_type
[30-May-2018 19:55:29 UTC] register_link_post_type
[30-May-2018 19:55:30 UTC] register_link_post_type
[30-May-2018 19:55:37 UTC] register_link_post_type
[30-May-2018 19:55:53 UTC] register_link_post_type
[30-May-2018 19:56:08 UTC] register_link_post_type
[30-May-2018 19:56:23 UTC] register_link_post_type
[30-May-2018 19:56:24 UTC] register_link_post_type
[30-May-2018 19:56:30 UTC] register_link_post_type
[30-May-2018 19:56:30 UTC] register_link_post_type
[30-May-2018 19:56:31 UTC] register_link_post_type
[30-May-2018 19:56:33 UTC] register_link_post_type
[30-May-2018 19:56:33 UTC] add_link_custom_fields
[30-May-2018 19:56:33 UTC] add_link_custom_fields
[30-May-2018 19:56:33 UTC] links_url_custom_field_display
[30-May-2018 19:56:34 UTC] register_link_post_type
[30-May-2018 19:56:39 UTC] register_link_post_type
[30-May-2018 19:56:49 UTC] register_link_post_type
[30-May-2018 19:56:49 UTC] save_link_url
[30-May-2018 19:56:49 UTC] PHP Notice:  Undefined offset: 0 in /var/www/html/wp-includes/capabilities.php on line 136
[30-May-2018 19:56:49 UTC] register_link_post_type
[30-May-2018 19:56:50 UTC] add_link_custom_fields
[30-May-2018 19:56:50 UTC] add_link_custom_fields
[30-May-2018 19:56:50 UTC] links_url_custom_field_display
[30-May-2018 19:56:50 UTC] register_link_post_type
[30-May-2018 19:56:50 UTC] register_link_post_type
[30-May-2018 19:56:53 UTC] register_link_post_type
[30-May-2018 19:56:53 UTC] register_link_post_type
[30-May-2018 19:56:53 UTC] register_link_post_type
[30-May-2018 19:56:53 UTC] register_link_post_type
[30-May-2018 19:56:53 UTC] register_link_post_type
[30-May-2018 19:56:54 UTC] register_link_post_type
[30-May-2018 19:57:05 UTC] register_link_post_type
[30-May-2018 19:57:06 UTC] register_link_post_type
[30-May-2018 19:57:06 UTC] register_link_post_type
[30-May-2018 19:57:09 UTC] register_link_post_type
[30-May-2018 19:57:23 UTC] register_link_post_type
[30-May-2018 19:57:24 UTC] register_link_post_type
[30-May-2018 19:57:39 UTC] register_link_post_type
[30-May-2018 19:57:54 UTC] register_link_post_type
[30-May-2018 19:58:09 UTC] register_link_post_type
[30-May-2018 19:58:24 UTC] register_link_post_type
[30-May-2018 19:58:39 UTC] register_link_post_type
[30-May-2018 19:58:54 UTC] register_link_post_type
[30-May-2018 19:59:09 UTC] register_link_post_type
[30-May-2018 19:59:23 UTC] register_link_post_type
[30-May-2018 19:59:24 UTC] register_link_post_type
[30-May-2018 19:59:39 UTC] register_link_post_type
[30-May-2018 19:59:54 UTC] register_link_post_type
[30-May-2018 19:59:54 UTC] register_link_post_type
[30-May-2018 20:00:09 UTC] register_link_post_type
[30-May-2018 20:00:24 UTC] register_link_post_type
[30-May-2018 20:00:39 UTC] register_link_post_type
[30-May-2018 20:00:54 UTC] register_link_post_type
[30-May-2018 20:01:09 UTC] register_link_post_type
[30-May-2018 20:01:23 UTC] register_link_post_type
[30-May-2018 20:01:24 UTC] register_link_post_type
[30-May-2018 20:01:39 UTC] register_link_post_type
[30-May-2018 20:01:54 UTC] register_link_post_type
[30-May-2018 20:02:09 UTC] register_link_post_type
[30-May-2018 20:02:24 UTC] register_link_post_type
[30-May-2018 20:02:39 UTC] register_link_post_type
[30-May-2018 20:02:54 UTC] register_link_post_type
[30-May-2018 20:03:09 UTC] register_link_post_type
[30-May-2018 20:03:23 UTC] register_link_post_type
[30-May-2018 20:03:24 UTC] register_link_post_type
[30-May-2018 20:03:39 UTC] register_link_post_type
[30-May-2018 20:03:54 UTC] register_link_post_type
[30-May-2018 20:04:09 UTC] register_link_post_type
[30-May-2018 20:04:24 UTC] register_link_post_type
[30-May-2018 20:04:39 UTC] register_link_post_type
[30-May-2018 20:04:54 UTC] register_link_post_type
[30-May-2018 20:05:09 UTC] register_link_post_type
[30-May-2018 20:05:23 UTC] register_link_post_type
[30-May-2018 20:05:24 UTC] register_link_post_type
[30-May-2018 20:05:39 UTC] register_link_post_type
[30-May-2018 20:05:54 UTC] register_link_post_type
[30-May-2018 20:06:09 UTC] register_link_post_type
[30-May-2018 20:06:24 UTC] register_link_post_type
[30-May-2018 20:06:39 UTC] register_link_post_type
[30-May-2018 20:06:54 UTC] register_link_post_type
[30-May-2018 20:07:09 UTC] register_link_post_type
[30-May-2018 20:07:24 UTC] register_link_post_type
[30-May-2018 20:07:39 UTC] register_link_post_type
[30-May-2018 20:07:54 UTC] register_link_post_type
[30-May-2018 20:08:09 UTC] register_link_post_type
[30-May-2018 20:08:24 UTC] register_link_post_type
[30-May-2018 20:08:39 UTC] register_link_post_type
[30-May-2018 20:08:54 UTC] register_link_post_type
[30-May-2018 20:09:09 UTC] register_link_post_type
[30-May-2018 20:09:17 UTC] register_link_post_type
[30-May-2018 20:09:18 UTC] register_link_post_type
[30-May-2018 20:09:18 UTC] register_link_post_type
[30-May-2018 20:09:24 UTC] register_link_post_type
[30-May-2018 20:09:29 UTC] register_link_post_type
[30-May-2018 20:09:29 UTC] register_link_post_type
[30-May-2018 20:09:29 UTC] register_link_post_type
[30-May-2018 20:09:31 UTC] register_link_post_type
[30-May-2018 20:09:32 UTC] register_link_post_type
[30-May-2018 20:09:32 UTC] register_link_post_type
[30-May-2018 20:09:39 UTC] register_link_post_type
[30-May-2018 20:09:54 UTC] register_link_post_type
[30-May-2018 20:10:09 UTC] register_link_post_type
[30-May-2018 20:10:24 UTC] register_link_post_type
[30-May-2018 20:10:39 UTC] register_link_post_type
[30-May-2018 20:10:54 UTC] register_link_post_type
[30-May-2018 20:11:09 UTC] register_link_post_type
[30-May-2018 20:11:24 UTC] register_link_post_type
[30-May-2018 20:11:39 UTC] register_link_post_type
[30-May-2018 20:11:54 UTC] register_link_post_type
[30-May-2018 20:12:09 UTC] register_link_post_type
[30-May-2018 20:12:24 UTC] register_link_post_type
[30-May-2018 20:12:39 UTC] register_link_post_type
[30-May-2018 20:12:54 UTC] register_link_post_type
[30-May-2018 20:13:09 UTC] register_link_post_type
[30-May-2018 20:13:24 UTC] register_link_post_type
[30-May-2018 20:13:39 UTC] register_link_post_type
[30-May-2018 20:13:54 UTC] register_link_post_type
[30-May-2018 20:14:09 UTC] register_link_post_type
[30-May-2018 20:14:24 UTC] register_link_post_type
[30-May-2018 20:14:39 UTC] register_link_post_type
[30-May-2018 20:14:54 UTC] register_link_post_type
[30-May-2018 20:15:09 UTC] register_link_post_type
[30-May-2018 20:15:24 UTC] register_link_post_type
[30-May-2018 20:15:39 UTC] register_link_post_type
[30-May-2018 20:15:54 UTC] register_link_post_type
[30-May-2018 20:16:09 UTC] register_link_post_type
[30-May-2018 20:16:24 UTC] register_link_post_type
[30-May-2018 20:16:39 UTC] register_link_post_type
[30-May-2018 20:16:54 UTC] register_link_post_type
[30-May-2018 20:17:09 UTC] register_link_post_type
[30-May-2018 20:17:24 UTC] register_link_post_type
[30-May-2018 20:17:39 UTC] register_link_post_type
[30-May-2018 20:17:54 UTC] register_link_post_type
[30-May-2018 20:18:09 UTC] register_link_post_type
[30-May-2018 20:18:24 UTC] register_link_post_type
[30-May-2018 20:18:39 UTC] register_link_post_type
[30-May-2018 20:18:54 UTC] register_link_post_type
[30-May-2018 20:19:09 UTC] register_link_post_type
[30-May-2018 20:19:24 UTC] register_link_post_type
[30-May-2018 20:19:39 UTC] register_link_post_type
[30-May-2018 20:19:54 UTC] register_link_post_type
[30-May-2018 20:20:09 UTC] register_link_post_type
[30-May-2018 20:20:24 UTC] register_link_post_type
[30-May-2018 20:20:39 UTC] register_link_post_type
[30-May-2018 20:20:54 UTC] register_link_post_type
[30-May-2018 20:21:09 UTC] register_link_post_type
[30-May-2018 20:21:24 UTC] register_link_post_type
[30-May-2018 20:21:39 UTC] register_link_post_type
[30-May-2018 20:21:54 UTC] register_link_post_type
[30-May-2018 20:22:09 UTC] register_link_post_type
[30-May-2018 20:22:24 UTC] register_link_post_type
[30-May-2018 20:22:38 UTC] register_link_post_type
[30-May-2018 20:22:39 UTC] register_link_post_type
[30-May-2018 20:22:54 UTC] register_link_post_type
[30-May-2018 20:22:59 UTC] register_link_post_type
[30-May-2018 20:22:59 UTC] add_link_custom_fields
[30-May-2018 20:22:59 UTC] add_link_custom_fields
[30-May-2018 20:22:59 UTC] links_url_custom_field_display
[30-May-2018 20:23:00 UTC] register_link_post_type
[30-May-2018 20:23:00 UTC] add_link_custom_fields
[30-May-2018 20:23:00 UTC] add_link_custom_fields
[30-May-2018 20:23:00 UTC] links_url_custom_field_display
[30-May-2018 20:23:01 UTC] register_link_post_type
[30-May-2018 20:23:09 UTC] register_link_post_type
[30-May-2018 20:23:24 UTC] register_link_post_type
[30-May-2018 20:23:38 UTC] register_link_post_type
[30-May-2018 20:23:39 UTC] register_link_post_type
[30-May-2018 20:23:55 UTC] register_link_post_type
[30-May-2018 20:24:01 UTC] register_link_post_type
[30-May-2018 20:24:09 UTC] register_link_post_type
[30-May-2018 20:24:24 UTC] register_link_post_type
[30-May-2018 20:24:39 UTC] register_link_post_type
[30-May-2018 20:24:54 UTC] register_link_post_type
[30-May-2018 20:25:01 UTC] register_link_post_type
[30-May-2018 20:25:10 UTC] register_link_post_type
[30-May-2018 20:25:25 UTC] register_link_post_type
[30-May-2018 20:25:38 UTC] register_link_post_type
[30-May-2018 20:25:39 UTC] register_link_post_type
[30-May-2018 20:25:55 UTC] register_link_post_type
[30-May-2018 20:26:02 UTC] register_link_post_type
[30-May-2018 20:26:10 UTC] register_link_post_type
[30-May-2018 20:26:25 UTC] register_link_post_type
[30-May-2018 20:26:40 UTC] register_link_post_type
[30-May-2018 20:26:55 UTC] register_link_post_type
[30-May-2018 20:27:02 UTC] register_link_post_type
[30-May-2018 20:27:10 UTC] register_link_post_type
[30-May-2018 20:27:25 UTC] register_link_post_type
[30-May-2018 20:27:39 UTC] register_link_post_type
[30-May-2018 20:27:39 UTC] register_link_post_type
[30-May-2018 20:27:55 UTC] register_link_post_type
[30-May-2018 20:28:02 UTC] register_link_post_type
[30-May-2018 20:28:10 UTC] register_link_post_type
[30-May-2018 20:28:25 UTC] register_link_post_type
[30-May-2018 20:28:40 UTC] register_link_post_type
[30-May-2018 20:28:55 UTC] register_link_post_type
[30-May-2018 20:29:02 UTC] register_link_post_type
[30-May-2018 20:29:10 UTC] register_link_post_type
[30-May-2018 20:29:25 UTC] register_link_post_type
[30-May-2018 20:29:39 UTC] register_link_post_type
[30-May-2018 20:29:40 UTC] register_link_post_type
[30-May-2018 20:29:55 UTC] register_link_post_type
[30-May-2018 20:30:10 UTC] register_link_post_type
[30-May-2018 20:30:25 UTC] register_link_post_type
[30-May-2018 20:30:29 UTC] register_link_post_type
[30-May-2018 20:30:40 UTC] register_link_post_type
[30-May-2018 20:30:55 UTC] register_link_post_type
[30-May-2018 20:31:10 UTC] register_link_post_type
[30-May-2018 20:31:25 UTC] register_link_post_type
[30-May-2018 20:31:29 UTC] register_link_post_type
[30-May-2018 20:31:39 UTC] register_link_post_type
[30-May-2018 20:31:40 UTC] register_link_post_type
[30-May-2018 20:31:55 UTC] register_link_post_type
[30-May-2018 20:32:10 UTC] register_link_post_type
[30-May-2018 20:32:25 UTC] register_link_post_type
[30-May-2018 20:32:29 UTC] register_link_post_type
[30-May-2018 20:32:40 UTC] register_link_post_type
[30-May-2018 20:32:55 UTC] register_link_post_type
[30-May-2018 20:33:10 UTC] register_link_post_type
[30-May-2018 20:33:25 UTC] register_link_post_type
[30-May-2018 20:33:40 UTC] register_link_post_type
[30-May-2018 20:33:40 UTC] register_link_post_type
[30-May-2018 20:33:55 UTC] register_link_post_type
[30-May-2018 20:34:10 UTC] register_link_post_type
[30-May-2018 20:34:25 UTC] register_link_post_type
[30-May-2018 20:34:40 UTC] register_link_post_type
[30-May-2018 20:34:40 UTC] register_link_post_type
[30-May-2018 20:34:55 UTC] register_link_post_type
[30-May-2018 20:35:10 UTC] register_link_post_type
[30-May-2018 20:35:25 UTC] register_link_post_type
[30-May-2018 20:35:40 UTC] register_link_post_type
[30-May-2018 20:35:40 UTC] register_link_post_type
[30-May-2018 20:35:55 UTC] register_link_post_type
[30-May-2018 20:36:10 UTC] register_link_post_type
[30-May-2018 20:36:25 UTC] register_link_post_type
[30-May-2018 20:36:40 UTC] register_link_post_type
[30-May-2018 20:36:55 UTC] register_link_post_type
[30-May-2018 20:36:57 UTC] register_link_post_type
[30-May-2018 20:37:10 UTC] register_link_post_type
[30-May-2018 20:37:25 UTC] register_link_post_type
[30-May-2018 20:37:40 UTC] register_link_post_type
[30-May-2018 20:37:55 UTC] register_link_post_type
[30-May-2018 20:37:57 UTC] register_link_post_type
[30-May-2018 20:38:10 UTC] register_link_post_type
[30-May-2018 20:38:25 UTC] register_link_post_type
[30-May-2018 20:38:40 UTC] register_link_post_type
[30-May-2018 20:38:55 UTC] register_link_post_type
[30-May-2018 20:39:10 UTC] register_link_post_type
[30-May-2018 20:39:11 UTC] register_link_post_type
[30-May-2018 20:39:13 UTC] register_link_post_type
[30-May-2018 20:39:14 UTC] register_link_post_type
[30-May-2018 20:39:14 UTC] register_link_post_type
[30-May-2018 20:39:25 UTC] register_link_post_type
[30-May-2018 20:39:29 UTC] register_link_post_type
[30-May-2018 20:39:40 UTC] register_link_post_type
[30-May-2018 20:39:55 UTC] register_link_post_type
[30-May-2018 20:40:10 UTC] register_link_post_type
[30-May-2018 20:40:11 UTC] register_link_post_type
[30-May-2018 20:40:25 UTC] register_link_post_type
[30-May-2018 20:40:29 UTC] register_link_post_type
[30-May-2018 20:40:40 UTC] register_link_post_type
[30-May-2018 20:40:55 UTC] register_link_post_type
[30-May-2018 20:41:10 UTC] register_link_post_type
[30-May-2018 20:41:25 UTC] register_link_post_type
[30-May-2018 20:41:29 UTC] register_link_post_type
[30-May-2018 20:41:35 UTC] register_link_post_type
[30-May-2018 20:41:39 UTC] register_link_post_type
[30-May-2018 20:41:40 UTC] register_link_post_type
[30-May-2018 20:41:48 UTC] register_link_post_type
[30-May-2018 20:41:48 UTC] register_link_post_type
[30-May-2018 20:41:48 UTC] register_link_post_type
[30-May-2018 20:41:50 UTC] register_link_post_type
[30-May-2018 20:41:51 UTC] register_link_post_type
[30-May-2018 20:41:52 UTC] register_link_post_type
[30-May-2018 20:42:13 UTC] register_link_post_type
[30-May-2018 20:42:13 UTC] register_link_post_type
[30-May-2018 20:42:13 UTC] register_link_post_type
[30-May-2018 20:42:14 UTC] register_link_post_type
[30-May-2018 20:42:19 UTC] register_link_post_type
[30-May-2018 20:42:28 UTC] register_link_post_type
[30-May-2018 20:42:28 UTC] register_link_post_type
[30-May-2018 20:42:28 UTC] register_link_post_type
[30-May-2018 20:42:28 UTC] register_link_post_type
[30-May-2018 20:42:30 UTC] register_link_post_type
[30-May-2018 20:42:32 UTC] register_link_post_type
[30-May-2018 20:42:35 UTC] register_link_post_type
[30-May-2018 20:42:44 UTC] register_link_post_type
[30-May-2018 20:42:59 UTC] register_link_post_type
[30-May-2018 20:43:14 UTC] register_link_post_type
[30-May-2018 20:43:29 UTC] register_link_post_type
[30-May-2018 20:43:30 UTC] register_link_post_type
[30-May-2018 20:43:45 UTC] register_link_post_type
[30-May-2018 20:44:00 UTC] register_link_post_type
[30-May-2018 20:44:15 UTC] register_link_post_type
[30-May-2018 20:44:29 UTC] register_link_post_type
[30-May-2018 20:44:30 UTC] register_link_post_type
[30-May-2018 20:44:35 UTC] register_link_post_type
[30-May-2018 20:44:45 UTC] register_link_post_type
[30-May-2018 20:45:00 UTC] register_link_post_type
[30-May-2018 20:45:15 UTC] register_link_post_type
[30-May-2018 20:45:29 UTC] register_link_post_type
[30-May-2018 20:45:30 UTC] register_link_post_type
[30-May-2018 20:45:45 UTC] register_link_post_type
[30-May-2018 20:46:00 UTC] register_link_post_type
[30-May-2018 20:46:15 UTC] register_link_post_type
[30-May-2018 20:46:30 UTC] register_link_post_type
[30-May-2018 20:46:35 UTC] register_link_post_type
[30-May-2018 20:46:45 UTC] register_link_post_type
[30-May-2018 20:47:00 UTC] register_link_post_type
[30-May-2018 20:47:15 UTC] register_link_post_type
[30-May-2018 20:47:29 UTC] register_link_post_type
[30-May-2018 20:47:30 UTC] register_link_post_type
[30-May-2018 20:47:45 UTC] register_link_post_type
[30-May-2018 20:48:00 UTC] register_link_post_type
[30-May-2018 20:48:15 UTC] register_link_post_type
[30-May-2018 20:48:29 UTC] register_link_post_type
[30-May-2018 20:48:30 UTC] register_link_post_type
[30-May-2018 20:48:35 UTC] register_link_post_type
[30-May-2018 20:48:45 UTC] register_link_post_type
[30-May-2018 20:49:00 UTC] register_link_post_type
[30-May-2018 20:49:15 UTC] register_link_post_type
[30-May-2018 20:49:29 UTC] register_link_post_type
[30-May-2018 20:49:30 UTC] register_link_post_type
[30-May-2018 20:49:41 UTC] register_link_post_type
[30-May-2018 20:49:41 UTC] register_link_post_type
[30-May-2018 20:49:50 UTC] register_link_post_type
[30-May-2018 20:49:50 UTC] register_link_post_type
[30-May-2018 20:49:50 UTC] register_link_post_type
[30-May-2018 20:50:00 UTC] register_link_post_type
[30-May-2018 20:50:09 UTC] register_link_post_type
[30-May-2018 20:50:09 UTC] register_link_post_type
[30-May-2018 20:50:09 UTC] register_link_post_type
[30-May-2018 20:50:10 UTC] register_link_post_type
[30-May-2018 20:50:25 UTC] register_link_post_type
[30-May-2018 20:50:40 UTC] register_link_post_type
[30-May-2018 20:50:55 UTC] register_link_post_type
[30-May-2018 20:51:00 UTC] register_link_post_type
[30-May-2018 20:51:07 UTC] register_link_post_type
[30-May-2018 20:51:07 UTC] register_link_post_type
[30-May-2018 20:51:07 UTC] register_link_post_type
[30-May-2018 20:51:10 UTC] register_link_post_type
[30-May-2018 20:51:11 UTC] register_link_post_type
[30-May-2018 20:51:18 UTC] register_link_post_type
[30-May-2018 20:51:19 UTC] register_link_post_type
[30-May-2018 20:51:19 UTC] register_link_post_type
[30-May-2018 20:51:26 UTC] register_link_post_type
[30-May-2018 20:51:41 UTC] register_link_post_type
[30-May-2018 20:51:56 UTC] register_link_post_type
[30-May-2018 20:52:10 UTC] register_link_post_type
[30-May-2018 20:52:11 UTC] register_link_post_type
[30-May-2018 20:52:19 UTC] register_link_post_type
[30-May-2018 20:52:26 UTC] register_link_post_type
[30-May-2018 20:52:26 UTC] register_link_post_type
[30-May-2018 20:52:27 UTC] register_link_post_type
[30-May-2018 20:52:27 UTC] register_link_post_type
[30-May-2018 20:52:41 UTC] register_link_post_type
[30-May-2018 20:52:56 UTC] register_link_post_type
[30-May-2018 20:53:10 UTC] register_link_post_type
[30-May-2018 20:53:11 UTC] register_link_post_type
[30-May-2018 20:53:26 UTC] register_link_post_type
[30-May-2018 20:53:27 UTC] register_link_post_type
[30-May-2018 20:53:41 UTC] register_link_post_type
[30-May-2018 20:53:56 UTC] register_link_post_type
[30-May-2018 20:54:11 UTC] register_link_post_type
[30-May-2018 20:54:26 UTC] register_link_post_type
[30-May-2018 20:54:27 UTC] register_link_post_type
[30-May-2018 20:54:41 UTC] register_link_post_type
[30-May-2018 20:54:56 UTC] register_link_post_type
[30-May-2018 20:55:10 UTC] register_link_post_type
[30-May-2018 20:55:11 UTC] register_link_post_type
[30-May-2018 20:55:26 UTC] register_link_post_type
[30-May-2018 20:55:28 UTC] register_link_post_type
[30-May-2018 20:55:41 UTC] register_link_post_type
[30-May-2018 20:55:56 UTC] register_link_post_type
[30-May-2018 20:56:11 UTC] register_link_post_type
[30-May-2018 20:56:26 UTC] register_link_post_type
[30-May-2018 20:56:41 UTC] register_link_post_type
[30-May-2018 20:56:46 UTC] register_link_post_type
[30-May-2018 20:56:56 UTC] register_link_post_type
[30-May-2018 20:57:10 UTC] register_link_post_type
[30-May-2018 20:57:11 UTC] register_link_post_type
[30-May-2018 20:57:26 UTC] register_link_post_type
[30-May-2018 20:57:41 UTC] register_link_post_type
[30-May-2018 20:57:46 UTC] register_link_post_type
[30-May-2018 20:57:56 UTC] register_link_post_type
[30-May-2018 20:58:11 UTC] register_link_post_type
[30-May-2018 20:58:26 UTC] register_link_post_type
[30-May-2018 20:58:41 UTC] register_link_post_type
[30-May-2018 20:58:56 UTC] register_link_post_type
[30-May-2018 20:59:10 UTC] register_link_post_type
[30-May-2018 20:59:11 UTC] register_link_post_type
[30-May-2018 20:59:26 UTC] register_link_post_type
[30-May-2018 20:59:41 UTC] register_link_post_type
[30-May-2018 20:59:46 UTC] register_link_post_type
[30-May-2018 20:59:56 UTC] register_link_post_type
[30-May-2018 20:59:56 UTC] register_link_post_type
[30-May-2018 21:00:11 UTC] register_link_post_type
[30-May-2018 21:00:26 UTC] register_link_post_type
[30-May-2018 21:00:41 UTC] register_link_post_type
[30-May-2018 21:00:56 UTC] register_link_post_type
[30-May-2018 21:01:10 UTC] register_link_post_type
[30-May-2018 21:01:11 UTC] register_link_post_type
[30-May-2018 21:01:26 UTC] register_link_post_type
[30-May-2018 21:01:41 UTC] register_link_post_type
[30-May-2018 21:01:42 UTC] register_link_post_type
[30-May-2018 21:01:56 UTC] register_link_post_type
[30-May-2018 21:02:11 UTC] register_link_post_type
[30-May-2018 21:02:26 UTC] register_link_post_type
[30-May-2018 21:02:41 UTC] register_link_post_type
[30-May-2018 21:02:42 UTC] register_link_post_type
[30-May-2018 21:02:56 UTC] register_link_post_type
[30-May-2018 21:03:11 UTC] register_link_post_type
[30-May-2018 21:03:26 UTC] register_link_post_type
[30-May-2018 21:03:41 UTC] register_link_post_type
[30-May-2018 21:03:42 UTC] register_link_post_type
[30-May-2018 21:03:56 UTC] register_link_post_type
[30-May-2018 21:04:11 UTC] register_link_post_type
[30-May-2018 21:04:26 UTC] register_link_post_type
[30-May-2018 21:04:41 UTC] register_link_post_type
[30-May-2018 21:04:42 UTC] register_link_post_type
[30-May-2018 21:04:45 UTC] register_link_post_type
[30-May-2018 21:04:45 UTC] register_link_post_type
[30-May-2018 21:04:45 UTC] register_link_post_type
[30-May-2018 21:04:47 UTC] register_link_post_type
[30-May-2018 21:04:56 UTC] register_link_post_type
[30-May-2018 21:05:11 UTC] register_link_post_type
[30-May-2018 21:05:26 UTC] register_link_post_type
[30-May-2018 21:05:41 UTC] register_link_post_type
[30-May-2018 21:05:42 UTC] register_link_post_type
[30-May-2018 21:05:47 UTC] register_link_post_type
[30-May-2018 21:05:56 UTC] register_link_post_type
[30-May-2018 21:06:11 UTC] register_link_post_type
[30-May-2018 21:06:26 UTC] register_link_post_type
[30-May-2018 21:06:41 UTC] register_link_post_type
[30-May-2018 21:06:56 UTC] register_link_post_type
[30-May-2018 21:07:11 UTC] register_link_post_type
[30-May-2018 21:07:26 UTC] register_link_post_type
[30-May-2018 21:07:41 UTC] register_link_post_type
[30-May-2018 21:07:42 UTC] register_link_post_type
[30-May-2018 21:07:47 UTC] register_link_post_type
[30-May-2018 21:07:56 UTC] register_link_post_type
[30-May-2018 21:08:11 UTC] register_link_post_type
[30-May-2018 21:08:27 UTC] register_link_post_type
[30-May-2018 21:08:41 UTC] register_link_post_type
[30-May-2018 21:08:56 UTC] register_link_post_type
[30-May-2018 21:09:11 UTC] register_link_post_type
[30-May-2018 21:09:27 UTC] register_link_post_type
[30-May-2018 21:09:42 UTC] register_link_post_type
[30-May-2018 21:09:42 UTC] register_link_post_type
[30-May-2018 21:09:47 UTC] register_link_post_type
[30-May-2018 21:09:57 UTC] register_link_post_type
[30-May-2018 21:10:12 UTC] register_link_post_type
[30-May-2018 21:10:27 UTC] register_link_post_type
[30-May-2018 21:10:42 UTC] register_link_post_type
[30-May-2018 21:10:47 UTC] register_link_post_type
[30-May-2018 21:10:57 UTC] register_link_post_type
[30-May-2018 21:11:12 UTC] register_link_post_type
[30-May-2018 21:11:27 UTC] register_link_post_type
[30-May-2018 21:11:42 UTC] register_link_post_type
[30-May-2018 21:11:42 UTC] register_link_post_type
[30-May-2018 21:11:57 UTC] register_link_post_type
[30-May-2018 21:12:12 UTC] register_link_post_type
[30-May-2018 21:12:27 UTC] register_link_post_type
[30-May-2018 21:12:42 UTC] register_link_post_type
[30-May-2018 21:12:47 UTC] register_link_post_type
[30-May-2018 21:12:57 UTC] register_link_post_type
[30-May-2018 21:13:12 UTC] register_link_post_type
[30-May-2018 21:13:27 UTC] register_link_post_type
[30-May-2018 21:13:42 UTC] register_link_post_type
[30-May-2018 21:13:42 UTC] register_link_post_type
[30-May-2018 21:13:57 UTC] register_link_post_type
[30-May-2018 21:14:12 UTC] register_link_post_type
[30-May-2018 21:14:27 UTC] register_link_post_type
[30-May-2018 21:14:42 UTC] register_link_post_type
[30-May-2018 21:14:47 UTC] register_link_post_type
[30-May-2018 21:14:57 UTC] register_link_post_type
[30-May-2018 21:15:12 UTC] register_link_post_type
[30-May-2018 21:15:27 UTC] register_link_post_type
[30-May-2018 21:15:31 UTC] register_link_post_type
[30-May-2018 21:15:32 UTC] register_link_post_type
[30-May-2018 21:15:32 UTC] register_link_post_type
[30-May-2018 21:15:42 UTC] register_link_post_type
[30-May-2018 21:15:47 UTC] register_link_post_type
[30-May-2018 21:15:57 UTC] register_link_post_type
[30-May-2018 21:16:12 UTC] register_link_post_type
[30-May-2018 21:16:27 UTC] register_link_post_type
[30-May-2018 21:16:42 UTC] register_link_post_type
[30-May-2018 21:16:47 UTC] register_link_post_type
[30-May-2018 21:16:57 UTC] register_link_post_type
[30-May-2018 21:17:12 UTC] register_link_post_type
[30-May-2018 21:17:27 UTC] register_link_post_type
[30-May-2018 21:17:42 UTC] register_link_post_type
[30-May-2018 21:17:57 UTC] register_link_post_type
[30-May-2018 21:18:12 UTC] register_link_post_type
[30-May-2018 21:18:27 UTC] register_link_post_type
[30-May-2018 21:18:42 UTC] register_link_post_type
[30-May-2018 21:18:47 UTC] register_link_post_type
[30-May-2018 21:18:57 UTC] register_link_post_type
[30-May-2018 21:19:12 UTC] register_link_post_type
[30-May-2018 21:19:27 UTC] register_link_post_type
[30-May-2018 21:19:35 UTC] register_link_post_type
[30-May-2018 21:19:36 UTC] register_link_post_type
[30-May-2018 21:19:36 UTC] register_link_post_type
[30-May-2018 21:19:42 UTC] register_link_post_type
[30-May-2018 21:19:47 UTC] register_link_post_type
[30-May-2018 21:19:57 UTC] register_link_post_type
[30-May-2018 21:20:12 UTC] register_link_post_type
[30-May-2018 21:20:27 UTC] register_link_post_type
[30-May-2018 21:20:42 UTC] register_link_post_type
[30-May-2018 21:20:47 UTC] register_link_post_type
[30-May-2018 21:20:57 UTC] register_link_post_type
[30-May-2018 21:21:12 UTC] register_link_post_type
[30-May-2018 21:21:27 UTC] register_link_post_type
[30-May-2018 21:21:42 UTC] register_link_post_type
[30-May-2018 21:21:57 UTC] register_link_post_type
[30-May-2018 21:22:12 UTC] register_link_post_type
[30-May-2018 21:22:27 UTC] register_link_post_type
[30-May-2018 21:22:42 UTC] register_link_post_type
[30-May-2018 21:22:47 UTC] register_link_post_type
[30-May-2018 21:22:57 UTC] register_link_post_type
[30-May-2018 21:23:12 UTC] register_link_post_type
[30-May-2018 21:23:27 UTC] register_link_post_type
[30-May-2018 21:23:42 UTC] register_link_post_type
[30-May-2018 21:23:57 UTC] register_link_post_type
[30-May-2018 21:24:12 UTC] register_link_post_type
[30-May-2018 21:24:27 UTC] register_link_post_type
[30-May-2018 21:24:42 UTC] register_link_post_type
[30-May-2018 21:24:47 UTC] register_link_post_type
[30-May-2018 21:24:57 UTC] register_link_post_type
[30-May-2018 21:25:12 UTC] register_link_post_type
[30-May-2018 21:25:27 UTC] register_link_post_type
[30-May-2018 21:25:42 UTC] register_link_post_type
[30-May-2018 21:25:57 UTC] register_link_post_type
[30-May-2018 21:26:12 UTC] register_link_post_type
[30-May-2018 21:26:27 UTC] register_link_post_type
[30-May-2018 21:26:42 UTC] register_link_post_type
[30-May-2018 21:26:57 UTC] register_link_post_type
[30-May-2018 21:27:12 UTC] register_link_post_type
[30-May-2018 21:27:27 UTC] register_link_post_type
[30-May-2018 21:27:42 UTC] register_link_post_type
[30-May-2018 21:27:57 UTC] register_link_post_type
[30-May-2018 21:28:12 UTC] register_link_post_type
[30-May-2018 21:28:27 UTC] register_link_post_type
[30-May-2018 21:28:42 UTC] register_link_post_type
[30-May-2018 21:28:57 UTC] register_link_post_type
[30-May-2018 21:29:12 UTC] register_link_post_type
[30-May-2018 21:29:27 UTC] register_link_post_type
[30-May-2018 21:29:42 UTC] register_link_post_type
[30-May-2018 21:29:57 UTC] register_link_post_type
[30-May-2018 21:30:12 UTC] register_link_post_type
[30-May-2018 21:30:27 UTC] register_link_post_type
[30-May-2018 21:30:42 UTC] register_link_post_type
[30-May-2018 21:30:57 UTC] register_link_post_type
[30-May-2018 21:31:12 UTC] register_link_post_type
[30-May-2018 21:31:27 UTC] register_link_post_type
[30-May-2018 21:31:42 UTC] register_link_post_type
[30-May-2018 21:31:57 UTC] register_link_post_type
[30-May-2018 21:32:12 UTC] register_link_post_type
[30-May-2018 21:32:27 UTC] register_link_post_type
[30-May-2018 21:32:42 UTC] register_link_post_type
[30-May-2018 21:32:57 UTC] register_link_post_type
[30-May-2018 21:33:12 UTC] register_link_post_type
[30-May-2018 21:33:27 UTC] register_link_post_type
[30-May-2018 21:33:42 UTC] register_link_post_type
[30-May-2018 21:33:57 UTC] register_link_post_type
[30-May-2018 21:34:12 UTC] register_link_post_type
[30-May-2018 21:34:27 UTC] register_link_post_type
[30-May-2018 21:34:42 UTC] register_link_post_type
[30-May-2018 21:34:57 UTC] register_link_post_type
[30-May-2018 21:35:12 UTC] register_link_post_type
[30-May-2018 21:35:27 UTC] register_link_post_type
[30-May-2018 21:35:42 UTC] register_link_post_type
[30-May-2018 21:35:57 UTC] register_link_post_type
[30-May-2018 21:36:12 UTC] register_link_post_type
[30-May-2018 21:36:27 UTC] register_link_post_type
[30-May-2018 21:36:42 UTC] register_link_post_type
[30-May-2018 21:36:57 UTC] register_link_post_type
[30-May-2018 21:37:12 UTC] register_link_post_type
[30-May-2018 21:37:27 UTC] register_link_post_type
[30-May-2018 21:37:42 UTC] register_link_post_type
[30-May-2018 21:37:57 UTC] register_link_post_type
[30-May-2018 21:38:12 UTC] register_link_post_type
[30-May-2018 21:38:27 UTC] register_link_post_type
[30-May-2018 21:38:42 UTC] register_link_post_type
[30-May-2018 21:38:57 UTC] register_link_post_type
[30-May-2018 21:39:12 UTC] register_link_post_type
[30-May-2018 21:39:27 UTC] register_link_post_type
[30-May-2018 21:39:42 UTC] register_link_post_type
[30-May-2018 21:39:57 UTC] register_link_post_type
[30-May-2018 21:40:06 UTC] register_link_post_type
[30-May-2018 21:40:12 UTC] register_link_post_type
[30-May-2018 21:40:13 UTC] register_link_post_type
[30-May-2018 21:40:14 UTC] register_link_post_type
[30-May-2018 21:40:17 UTC] register_link_post_type
[30-May-2018 21:40:18 UTC] register_link_post_type
[30-May-2018 21:40:19 UTC] register_link_post_type
[30-May-2018 21:40:20 UTC] register_link_post_type
[30-May-2018 21:40:26 UTC] register_link_post_type
[30-May-2018 21:40:27 UTC] register_link_post_type
[30-May-2018 21:40:32 UTC] register_link_post_type
[30-May-2018 21:40:35 UTC] register_link_post_type
[30-May-2018 21:40:42 UTC] register_link_post_type
[30-May-2018 21:40:43 UTC] register_link_post_type
[30-May-2018 21:40:43 UTC] register_link_post_type
[30-May-2018 21:40:44 UTC] register_link_post_type
[30-May-2018 21:40:57 UTC] register_link_post_type
[30-May-2018 21:40:57 UTC] register_link_post_type
[30-May-2018 21:40:58 UTC] register_link_post_type
[30-May-2018 21:41:03 UTC] register_link_post_type
[30-May-2018 21:41:04 UTC] register_link_post_type
[30-May-2018 21:41:12 UTC] register_link_post_type
[30-May-2018 21:41:59 UTC] register_link_post_type
[30-May-2018 21:42:20 UTC] register_link_post_type
[30-May-2018 21:42:21 UTC] register_link_post_type
[30-May-2018 21:42:21 UTC] register_link_post_type
[30-May-2018 21:42:24 UTC] register_link_post_type
[30-May-2018 21:42:24 UTC] register_link_post_type
[30-May-2018 21:42:24 UTC] register_link_post_type
[30-May-2018 21:42:26 UTC] register_link_post_type
[30-May-2018 21:42:38 UTC] register_link_post_type
[30-May-2018 21:42:38 UTC] register_link_post_type
[30-May-2018 21:43:38 UTC] register_link_post_type
[30-May-2018 21:43:59 UTC] register_link_post_type
[30-May-2018 21:44:02 UTC] register_link_post_type
[30-May-2018 21:44:03 UTC] register_link_post_type
[30-May-2018 21:44:03 UTC] register_link_post_type
[30-May-2018 21:44:14 UTC] register_link_post_type
[30-May-2018 21:44:14 UTC] register_link_post_type
[30-May-2018 21:44:39 UTC] register_link_post_type
[30-May-2018 21:45:00 UTC] register_link_post_type
[30-May-2018 21:45:01 UTC] register_link_post_type
[30-May-2018 21:45:01 UTC] register_link_post_type
[30-May-2018 21:45:01 UTC] register_link_post_type
[30-May-2018 21:45:03 UTC] register_link_post_type
[30-May-2018 21:45:05 UTC] register_link_post_type
[30-May-2018 21:45:06 UTC] register_link_post_type
[30-May-2018 21:45:07 UTC] register_link_post_type
[30-May-2018 21:45:21 UTC] register_link_post_type
[30-May-2018 21:45:21 UTC] register_link_post_type
[30-May-2018 21:45:21 UTC] register_link_post_type
[30-May-2018 21:45:21 UTC] register_link_post_type
[30-May-2018 21:45:37 UTC] register_link_post_type
[30-May-2018 21:45:52 UTC] register_link_post_type
[30-May-2018 21:46:07 UTC] register_link_post_type
[30-May-2018 21:46:08 UTC] register_link_post_type
[30-May-2018 21:46:21 UTC] register_link_post_type
[30-May-2018 21:46:22 UTC] register_link_post_type
[30-May-2018 21:46:37 UTC] register_link_post_type
[30-May-2018 21:46:52 UTC] register_link_post_type
[30-May-2018 21:47:07 UTC] register_link_post_type
[30-May-2018 21:47:08 UTC] register_link_post_type
[30-May-2018 21:47:21 UTC] register_link_post_type
[30-May-2018 21:47:22 UTC] register_link_post_type
[30-May-2018 21:47:37 UTC] register_link_post_type
[30-May-2018 21:47:52 UTC] register_link_post_type
[30-May-2018 21:48:07 UTC] register_link_post_type
[30-May-2018 21:48:22 UTC] register_link_post_type
[30-May-2018 21:48:37 UTC] register_link_post_type
[30-May-2018 21:48:52 UTC] register_link_post_type
[30-May-2018 21:49:07 UTC] register_link_post_type
[30-May-2018 21:49:08 UTC] register_link_post_type
[30-May-2018 21:49:21 UTC] register_link_post_type
[30-May-2018 21:49:22 UTC] register_link_post_type
[30-May-2018 21:49:37 UTC] register_link_post_type
[30-May-2018 21:49:52 UTC] register_link_post_type
[30-May-2018 21:50:07 UTC] register_link_post_type
[30-May-2018 21:50:22 UTC] register_link_post_type
[30-May-2018 21:50:37 UTC] register_link_post_type
[30-May-2018 21:50:52 UTC] register_link_post_type
[30-May-2018 21:51:07 UTC] register_link_post_type
[30-May-2018 21:51:08 UTC] register_link_post_type
[30-May-2018 21:51:21 UTC] register_link_post_type
[30-May-2018 21:51:22 UTC] register_link_post_type
[30-May-2018 21:51:37 UTC] register_link_post_type
[30-May-2018 21:51:52 UTC] register_link_post_type
[30-May-2018 21:52:07 UTC] register_link_post_type
[30-May-2018 21:52:22 UTC] register_link_post_type
[30-May-2018 21:52:37 UTC] register_link_post_type
[30-May-2018 21:52:52 UTC] register_link_post_type
[30-May-2018 21:53:07 UTC] register_link_post_type
[30-May-2018 21:53:08 UTC] register_link_post_type
[30-May-2018 21:53:09 UTC] register_link_post_type
[30-May-2018 21:53:22 UTC] register_link_post_type
[30-May-2018 21:53:37 UTC] register_link_post_type
[30-May-2018 21:53:52 UTC] register_link_post_type
[30-May-2018 21:54:07 UTC] register_link_post_type
[30-May-2018 21:54:09 UTC] register_link_post_type
[30-May-2018 21:54:22 UTC] register_link_post_type
[30-May-2018 21:54:37 UTC] register_link_post_type
[30-May-2018 21:54:52 UTC] register_link_post_type
[30-May-2018 21:55:07 UTC] register_link_post_type
[30-May-2018 21:55:08 UTC] register_link_post_type
[30-May-2018 21:55:09 UTC] register_link_post_type
[30-May-2018 21:55:22 UTC] register_link_post_type
[30-May-2018 21:55:37 UTC] register_link_post_type
[30-May-2018 21:55:52 UTC] register_link_post_type
[30-May-2018 21:56:07 UTC] register_link_post_type
[30-May-2018 21:56:09 UTC] register_link_post_type
[30-May-2018 21:56:22 UTC] register_link_post_type
[30-May-2018 21:56:37 UTC] register_link_post_type
[30-May-2018 21:56:52 UTC] register_link_post_type
[30-May-2018 21:57:07 UTC] register_link_post_type
[30-May-2018 21:57:09 UTC] register_link_post_type
[30-May-2018 21:57:23 UTC] register_link_post_type
[30-May-2018 21:57:38 UTC] register_link_post_type
[30-May-2018 21:57:53 UTC] register_link_post_type
